> Task :gradle:compileJava NO-SOURCE
> Task :gradle:compileGroovy
> Task :gradle:pluginDescriptors UP-TO-DATE
> Task :gradle:processResources UP-TO-DATE
> Task :gradle:classes
> Task :gradle:jar

> Configure project :app
w: file:///C:/src/flutter/packages/flutter_tools/gradle/src/main/kotlin/dependency_version_checker.gradle.kts:107:40: Variable 'agpVersion' initializer is redundant
w: file:///C:/src/flutter/packages/flutter_tools/gradle/src/main/kotlin/dependency_version_checker.gradle.kts:108:40: Variable 'kgpVersion' initializer is redundant
w: file:///C:/src/flutter/packages/flutter_tools/gradle/src/main/kotlin/dependency_version_checker.gradle.kts:143:28: Parameter 'project' is never used
w: file:///C:/src/flutter/packages/flutter_tools/gradle/src/main/kotlin/dependency_version_checker.gradle.kts:152:40: Variable 'agpVersion' initializer is redundant
w: file:///C:/src/flutter/packages/flutter_tools/gradle/src/main/kotlin/dependency_version_checker.gradle.kts:167:55: 'Version' is deprecated. Deprecated in Java
w: file:///C:/src/flutter/packages/flutter_tools/gradle/src/main/kotlin/dependency_version_checker.gradle.kts:195:56: Unnecessary non-null assertion (!!) on a non-null receiver of type Any
w: file:///C:/src/flutter/packages/flutter_tools/gradle/src/main/kotlin/dependency_version_checker.gradle.kts:344:28: The corresponding parameter in the supertype 'Comparable' is named 'other'. This may cause problems when calling this function with named arguments.
WARNING: We recommend using a newer Android Gradle plugin to use compileSdk = 34

This Android Gradle plugin (8.1.0) was tested up to compileSdk = 33 (and compileSdkPreview = "UpsideDownCakePrivacySandbox").

You are strongly encouraged to update your project to use a newer
Android Gradle plugin that has been tested with compileSdk = 34.

If you are already using the latest version of the Android Gradle plugin,
you may need to wait until a newer version with support for compileSdk = 34 is available.

To suppress this warning, add/update
    android.suppressUnsupportedCompileSdk=34
to this project's gradle.properties.

> Task :app:preBuild UP-TO-DATE
> Task :app:preDebugBuild UP-TO-DATE
> Task :app:mergeDebugNativeDebugMetadata NO-SOURCE
> Task :app:checkKotlinGradlePluginConfigurationErrors
> Task :app:compileFlutterBuildDebug
> Task :app:packJniLibsflutterBuildDebug
> Task :path_provider_android:preBuild UP-TO-DATE
> Task :path_provider_android:preDebugBuild UP-TO-DATE
> Task :sensors_plus:preBuild UP-TO-DATE
> Task :sensors_plus:preDebugBuild UP-TO-DATE
> Task :share_plus:preBuild UP-TO-DATE
> Task :share_plus:preDebugBuild UP-TO-DATE
> Task :path_provider_android:writeDebugAarMetadata
> Task :sensors_plus:writeDebugAarMetadata
> Task :app:cleanMergeDebugAssets UP-TO-DATE
> Task :share_plus:writeDebugAarMetadata
> Task :app:checkDebugAarMetadata
> Task :app:mergeDebugShaders
> Task :app:compileDebugShaders NO-SOURCE
> Task :app:generateDebugAssets UP-TO-DATE
> Task :path_provider_android:mergeDebugShaders
> Task :path_provider_android:compileDebugShaders NO-SOURCE
> Task :path_provider_android:generateDebugAssets UP-TO-DATE
> Task :path_provider_android:packageDebugAssets
> Task :sensors_plus:mergeDebugShaders
> Task :sensors_plus:compileDebugShaders NO-SOURCE
> Task :sensors_plus:generateDebugAssets UP-TO-DATE
> Task :sensors_plus:packageDebugAssets
> Task :share_plus:mergeDebugShaders
> Task :share_plus:compileDebugShaders NO-SOURCE
> Task :share_plus:generateDebugAssets UP-TO-DATE
> Task :share_plus:packageDebugAssets
> Task :app:mergeDebugAssets
> Task :app:copyFlutterAssetsDebug
> Task :app:generateDebugResValues
> Task :path_provider_android:generateDebugResValues
> Task :path_provider_android:generateDebugResources
> Task :path_provider_android:packageDebugResources
> Task :sensors_plus:generateDebugResValues
> Task :sensors_plus:generateDebugResources
> Task :sensors_plus:packageDebugResources
> Task :share_plus:generateDebugResValues
> Task :share_plus:generateDebugResources
> Task :share_plus:packageDebugResources
> Task :app:mapDebugSourceSetPaths
> Task :app:generateDebugResources
> Task :app:packageDebugResources
> Task :app:mergeDebugResources
> Task :app:createDebugCompatibleScreenManifests
> Task :app:extractDeepLinksDebug
> Task :path_provider_android:extractDeepLinksDebug
> Task :sensors_plus:extractDeepLinksDebug
> Task :share_plus:extractDeepLinksDebug
> Task :app:parseDebugLocalResources

> Task :sensors_plus:processDebugManifest
package="dev.fluttercommunity.plus.sensors" found in source AndroidManifest.xml: C:\Users\qkrtj\AppData\Local\Pub\Cache\hosted\pub.dev\sensors_plus-6.1.2\android\src\main\AndroidManifest.xml.
Setting the namespace via the package attribute in the source AndroidManifest.xml is no longer supported, and the value is ignored.
Recommendation: remove package="dev.fluttercommunity.plus.sensors" from the source AndroidManifest.xml: C:\Users\qkrtj\AppData\Local\Pub\Cache\hosted\pub.dev\sensors_plus-6.1.2\android\src\main\AndroidManifest.xml.

> Task :path_provider_android:processDebugManifest
package="io.flutter.plugins.pathprovider" found in source AndroidManifest.xml: C:\Users\qkrtj\AppData\Local\Pub\Cache\hosted\pub.dev\path_provider_android-2.2.10\android\src\main\AndroidManifest.xml.
Setting the namespace via the package attribute in the source AndroidManifest.xml is no longer supported, and the value is ignored.
Recommendation: remove package="io.flutter.plugins.pathprovider" from the source AndroidManifest.xml: C:\Users\qkrtj\AppData\Local\Pub\Cache\hosted\pub.dev\path_provider_android-2.2.10\android\src\main\AndroidManifest.xml.

> Task :share_plus:processDebugManifest
package="dev.fluttercommunity.plus.share" found in source AndroidManifest.xml: C:\Users\qkrtj\AppData\Local\Pub\Cache\hosted\pub.dev\share_plus-10.1.4\android\src\main\AndroidManifest.xml.
Setting the namespace via the package attribute in the source AndroidManifest.xml is no longer supported, and the value is ignored.
Recommendation: remove package="dev.fluttercommunity.plus.share" from the source AndroidManifest.xml: C:\Users\qkrtj\AppData\Local\Pub\Cache\hosted\pub.dev\share_plus-10.1.4\android\src\main\AndroidManifest.xml.

> Task :path_provider_android:compileDebugLibraryResources
> Task :app:processDebugMainManifest
> Task :app:processDebugManifest
> Task :path_provider_android:parseDebugLocalResources
> Task :sensors_plus:compileDebugLibraryResources
> Task :sensors_plus:parseDebugLocalResources
> Task :share_plus:compileDebugLibraryResources
> Task :path_provider_android:generateDebugRFile
> Task :sensors_plus:checkKotlinGradlePluginConfigurationErrors
> Task :sensors_plus:generateDebugRFile
> Task :path_provider_android:javaPreCompileDebug
> Task :share_plus:parseDebugLocalResources
> Task :sensors_plus:javaPreCompileDebug
> Task :app:processDebugManifestForPackage
> Task :share_plus:generateDebugRFile

> Task :path_provider_android:compileDebugJavaWithJavac
warning: [options] source value 8 is obsolete and will be removed in a future release
warning: [options] target value 8 is obsolete and will be removed in a future release
warning: [options] To suppress warnings about obsolete options, use -Xlint:-options.
3 warnings

> Task :path_provider_android:bundleLibCompileToJarDebug
> Task :app:processDebugResources
> Task :share_plus:checkKotlinGradlePluginConfigurationErrors
> Task :share_plus:javaPreCompileDebug
> Task :app:javaPreCompileDebug
> Task :path_provider_android:processDebugJavaRes NO-SOURCE
> Task :app:compressDebugAssets
> Task :sensors_plus:compileDebugKotlin
> Task :app:checkDebugDuplicateClasses
> Task :app:mergeDebugJniLibFolders
> Task :path_provider_android:bundleLibRuntimeToJarDebug
> Task :path_provider_android:mergeDebugJniLibFolders
> Task :path_provider_android:mergeDebugNativeLibs NO-SOURCE
> Task :path_provider_android:copyDebugJniLibsProjectOnly
> Task :sensors_plus:mergeDebugJniLibFolders
> Task :sensors_plus:mergeDebugNativeLibs NO-SOURCE
> Task :sensors_plus:copyDebugJniLibsProjectOnly
> Task :share_plus:mergeDebugJniLibFolders
> Task :share_plus:mergeDebugNativeLibs NO-SOURCE
> Task :share_plus:copyDebugJniLibsProjectOnly
> Task :app:desugarDebugFileDependencies
> Task :app:validateSigningDebug
> Task :share_plus:compileDebugKotlin
> Task :app:mergeExtDexDebug
> Task :sensors_plus:compileDebugJavaWithJavac NO-SOURCE
> Task :share_plus:compileDebugJavaWithJavac NO-SOURCE
> Task :sensors_plus:bundleLibCompileToJarDebug
> Task :share_plus:bundleLibCompileToJarDebug
> Task :sensors_plus:processDebugJavaRes
> Task :app:compileDebugKotlin FAILED

FAILURE: Build failed with an exception.

* What went wrong:
Execution failed for task ':app:compileDebugKotlin'.
> Inconsistent JVM-target compatibility detected for tasks 'compileDebugJavaWithJavac' (1.8) and 'compileDebugKotlin' (21).
  
  Consider using JVM Toolchain: https://kotl.in/gradle/jvm/toolchain
  Learn more about JVM-target validation: https://kotl.in/gradle/jvm/target-validation 

* Try:
> Run with --stacktrace option to get the stack trace.
> Run with --info or --debug option to get more log output.
> Run with --scan to get full insights.
> Get more help at https://help.gradle.org.

Deprecated Gradle features were used in this build, making it incompatible with Gradle 9.0.

You can use '--warning-mode all' to show the individual deprecation warnings and determine if they come from your own scripts or plugins.

For more on this, please refer to https://docs.gradle.org/8.4/userguide/command_line_interface.html#sec:command_line_warnings in the Gradle documentation.

BUILD FAILED in 3m 9s
80 actionable tasks: 77 executed, 3 up-to-date
